  project.c
  project2.c
  正在生成代码...
  LINK : 没有找到 C:\Users\21137\Documents\code\test_6.24-1\x64\Debug\test_6.24-1.exe 或上一个增量链接没有生成它；正在执行完全链接
project2.obj : error LNK2005: main 已经在 project.obj 中定义
project3.obj : error LNK2005: main 已经在 project.obj 中定义
C:\Users\21137\Documents\code\test_6.24-1\x64\Debug\test_6.24-1.exe : fatal error LNK1169: 找到一个或多个多重定义的符号
